#
# A fatal error has been detected by the Java Runtime Environment:
#
#  SIGSEGV (0xb) at pc=0xb3288cc5, pid=11542, tid=3058006848
#
# JRE version: OpenJDK Runtime Environment (7.0_75-b13) (build 1.7.0_75-b13)
# Java VM: OpenJDK Server VM (24.75-b04 mixed mode linux-x86 )
# Derivative: IcedTea 2.5.4
# Distribution: Debian GNU/Linux 8.0 (jessie), package 7u75-2.5.4-2
# Problematic frame:
# j  java.lang.ref.Reference.<init>(Ljava/lang/Object;Ljava/lang/ref/ReferenceQueue;)V+0
#
# Failed to write core dump. Core dumps have been disabled. To enable core dumping, try "ulimit -c unlimited" before starting Java again
#
# If you would like to submit a bug report, please include
# instructions on how to reproduce the bug and visit:
#   http://icedtea.classpath.org/bugzilla
#

---------------  T H R E A D  ---------------

Current thread (0xb6307800):  JavaThread "main" [_thread_in_Java, id=11546, stack(0xb6407000,0xb6458000)]

siginfo:si_signo=SIGSEGV: si_errno=0, si_code=2 (SEGV_ACCERR), si_addr=0xb6407fe8

Registers:
EAX=0x00000000, EBX=0x6b1a44c8, ECX=0x000063c9, EDX=0x6b207a58
ESP=0xb640dfe8, EBP=0xb640e008, ESI=0x6b1a447c, EDI=0xb640e018
EIP=0xb3288cc5, EFLAGS=0x00010287, CR2=0xb6407fe8

Top of Stack: (sp=0xb640dfe8)
0xb640dfe8:   b640dfe8 6b1a447c b640e018 6b207a58
0xb640dff8:   00000000 6b1a44c8 00000000 b640e010
0xb640e008:   b640e03c b3282387 00000000 9dcc11e0
0xb640e018:   9eabe468 b640e01c 6b1a43cf b640e048
0xb640e028:   6b207a58 00000000 6b1a43f8 b640e010
0xb640e038:   b640e044 b640e06c b3282387 9dcc11e0
0xb640e048:   9eabe468 b640e04c 6b1a4f7e b640e078
0xb640e058:   6b26e6d0 00000000 6b1a4fa8 b640e044 

Instructions: (pc=0xb3288cc5)
0xb3288ca5:   00 f0 ff ff 89 84 24 00 e0 ff ff 89 84 24 00 d0
0xb3288cb5:   ff ff 89 84 24 00 c0 ff ff 89 84 24 00 b0 ff ff
0xb3288cc5:   89 84 24 00 a0 ff ff 8b c4 c1 e8 0c 8b 04 85 c0
0xb3288cd5:   12 17 b7 c6 80 7d 01 00 00 00 80 3d c9 f9 15 b7 

Register to memory mapping:

EAX=0x00000000 is an unknown value
EBX=0x6b1a44c8 is an oop
{method} 
 - klass: {other class}
ECX=0x000063c9 is an unknown value
EDX=0x6b207a58 is an oop
{constant pool cache} 
 - klass: {other class}
                 -------------
  0  (0x6b207a68)  [b3|b2|    1]
                 [   0x9ec849f8]
                 [   0x00000054]
                 [   0x74000005]
                 -------------
  1  (0x6b207a78)  [b3|b2|    2]
                 [   0x9ec849f8]
                 [   0x00000050]
                 [   0x74000004]
                 -------------
  2  (0x6b207a88)  [b5|b4|    3]
                 [   0x9ec849f8]
                 [   0x00000008]
                 [   0x74000000]
                 -------------
  3  (0x6b207a98)  [b5|b4|    4]
                 [   0x9ec849f8]
                 [   0x0000000c]
                 [   0x74000001]
                 -------------
  4  (0x6b207aa8)  [b3|b2|    5]
                 [   0x9ecbcda8]
                 [   0x00000050]
                 [   0x74000000]
                 -------------
  5  (0x6b207ab8)  [00|00|    6]
                 [   0x00000000]
                 [   0x00000000]
                 [   0x00000000]
                 -------------
  6  (0x6b207ac8)  [00|00|    7]
                 [   0x00000000]
                 [   0x00000000]
                 [   0x00000000]
                 -------------
  7  (0x6b207ad8)  [00|b7|    8]
                 [   0x6b1a44c8]
                 [   0x00000000]
                 [   0x80000003]
                 -------------
  8  (0x6b207ae8)  [00|b7|    9]
                 [   0x6b181270]
                 [   0x00000000]
                 [   0x80000001]
                 -------------
  9  (0x6b207af8)  [00|b7|   11]
                 [   0x6b21df50]
                 [   0x00000000]
                 [   0x80000002]
                 -------------
 10  (0x6b207b08)  [00|b8|   12]
                 [   0x6b1a85c8]
                 [   0x00000000]
                 [   0x70000000]
                 -------------
 11  (0x6b207b18)  [b6|00|   13]
                 [   0x00000000]
                 [   0x6b1aa3a8]
                 [   0x70500001]
                 -------------
 12  (0x6b207b28)  [b6|00|   14]
                 [   0x00000000]
                 [   0x6b1ace00]
                 [   0x70500001]
                 -------------
 13  (0x6b207b38)  [00|b7|   17]
                 [   0x6b21e388]
                 [   0x00000000]
                 [   0x80000003]
                 -------------
 14  (0x6b207b48)  [b6|00|   18]
                 [   0x00000000]
                 [   0x6b1aa110]
                 [   0x80500002]
                 -------------
 15  (0x6b207b58)  [b6|00|   19]
                 [   0x00000000]
                 [   0x6b1aa9b8]
                 [   0x80500002]
                 -------------
 16  (0x6b207b68)  [b6|00|   20]
                 [   0x00000000]
                 [   0x0000000a]
                 [   0x80000001]
                 -------------
ESP=0xb640dfe8 is pointing into the stack for thread: 0xb6307800
EBP=0xb640e008 is pointing into the stack for thread: 0xb6307800
ESI=0x6b1a447c is pointing into object: 0x6b1a4450
{constMethod} 
 - klass: {other class}
 - constants:       0x6b1a3da8 constant pool [126] for 'java/lang/ref/Reference' cache=0x6b207a58
bci_from(0x6b1a447c) = 0; print_codes():
EDI=0xb640e018 is pointing into the stack for thread: 0xb6307800


Stack: [0xb6407000,0xb6458000],  sp=0xb640dfe8,  free space=27k
Native frames: (J=compiled Java code, j=interpreted, Vv=VM code, C=native code)
j  java.lang.ref.Reference.<init>(Ljava/lang/Object;Ljava/lang/ref/ReferenceQueue;)V+0
j  java.lang.ref.Reference.<init>(Ljava/lang/Object;)V+3
j  java.lang.ref.WeakReference.<init>(Ljava/lang/Object;)V+2
j  java.lang.reflect.Proxy$Key1.<init>(Ljava/lang/Class;)V+2
j  java.lang.reflect.Proxy$KeyFactory.apply(Ljava/lang/ClassLoader;[Ljava/lang/Class;)Ljava/lang/Object;+35
j  java.lang.reflect.Proxy$KeyFactory.apply(Ljava/lang/Object;Ljava/lang/Object;)Ljava/lang/Object;+9
j  java.lang.reflect.WeakCache.get(Ljava/lang/Object;Ljava/lang/Object;)Ljava/lang/Object;+78
j  java.lang.reflect.Proxy.getProxyClass0(Ljava/lang/ClassLoader;[Ljava/lang/Class;)Ljava/lang/Class;+22
j  java.lang.reflect.Proxy.newProxyInstance(Ljava/lang/ClassLoader;[Ljava/lang/Class;Ljava/lang/reflect/InvocationHandler;)Ljava/lang/Object;+40
j  sun.reflect.annotation.AnnotationParser.annotationForMap(Ljava/lang/Class;Ljava/util/Map;)Ljava/lang/annotation/Annotation;+21
j  sun.reflect.annotation.AnnotationParser.parseAnnotation2(Ljava/nio/ByteBuffer;Lsun/reflect/ConstantPool;Ljava/lang/Class;Z[Ljava/lang/Class;)Ljava/lang/annotation/Annotation;+280
j  sun.reflect.annotation.AnnotationParser.parseAnnotations2([BLsun/reflect/ConstantPool;Ljava/lang/Class;[Ljava/lang/Class;)Ljava/util/Map;+41
j  sun.reflect.annotation.AnnotationParser.parseAnnotations([BLsun/reflect/ConstantPool;Ljava/lang/Class;)Ljava/util/Map;+12
j  java.lang.reflect.Method.declaredAnnotations()Ljava/util/Map;+28
j  java.lang.reflect.Method.getDeclaredAnnotations()[Ljava/lang/annotation/Annotation;+1
j  com.fasterxml.jackson.databind.introspect.AnnotatedClass._constructMethod(Ljava/lang/reflect/Method;)Lcom/fasterxml/jackson/databind/introspect/AnnotatedMethod;+30
j  com.fasterxml.jackson.databind.introspect.AnnotatedClass._addMemberMethods(Ljava/lang/Class;Lcom/fasterxml/jackson/databind/introspect/AnnotatedMethodMap;Ljava/lang/Class;Lcom/fasterxml/jackson/databind/introspect/AnnotatedMethodMap;)V+74
j  com.fasterxml.jackson.databind.introspect.AnnotatedClass.resolveMemberMethods()V+33
j  com.fasterxml.jackson.databind.introspect.AnnotatedClass.memberMethods()Ljava/lang/Iterable;+8
j  com.fasterxml.jackson.databind.introspect.POJOPropertiesCollector._addMethods()V+9
j  com.fasterxml.jackson.databind.introspect.POJOPropertiesCollector.collect()Lcom/fasterxml/jackson/databind/introspect/POJOPropertiesCollector;+12
j  com.fasterxml.jackson.databind.introspect.BasicClassIntrospector.collectProperties(Lcom/fasterxml/jackson/databind/cfg/MapperConfig;Lcom/fasterxml/jackson/databind/JavaType;Lcom/fasterxml/jackson/databind/introspect/ClassIntrospector$MixInResolver;ZLjava/lang/String;)Lcom/fasterxml/jackson/databind/introspect/POJOPropertiesCollector;+41
j  com.fasterxml.jackson.databind.introspect.BasicClassIntrospector.forSerialization(Lcom/fasterxml/jackson/databind/SerializationConfig;Lcom/fasterxml/jackson/databind/JavaType;Lcom/fasterxml/jackson/databind/introspect/ClassIntrospector$MixInResolver;)Lcom/fasterxml/jackson/databind/introspect/BasicBeanDescription;+33
j  com.fasterxml.jackson.databind.introspect.BasicClassIntrospector.forSerialization(Lcom/fasterxml/jackson/databind/SerializationConfig;Lcom/fasterxml/jackson/databind/JavaType;Lcom/fasterxml/jackson/databind/introspect/ClassIntrospector$MixInResolver;)Lcom/fasterxml/jackson/databind/BeanDescription;+4
j  com.fasterxml.jackson.databind.SerializationConfig.introspect(Lcom/fasterxml/jackson/databind/JavaType;)Lcom/fasterxml/jackson/databind/BeanDescription;+7
j  com.fasterxml.jackson.databind.ser.BeanSerializerFactory.createSerializer(Lcom/fasterxml/jackson/databind/SerializerProvider;Lcom/fasterxml/jackson/databind/JavaType;)Lcom/fasterxml/jackson/databind/JsonSerializer;+7
j  com.fasterxml.jackson.databind.SerializerProvider._createUntypedSerializer(Lcom/fasterxml/jackson/databind/JavaType;)Lcom/fasterxml/jackson/databind/JsonSerializer;+6
j  com.fasterxml.jackson.databind.SerializerProvider._createAndCacheUntypedSerializer(Ljava/lang/Class;)Lcom/fasterxml/jackson/databind/JsonSerializer;+9
j  com.fasterxml.jackson.databind.SerializerProvider.findValueSerializer(Ljava/lang/Class;Lcom/fasterxml/jackson/databind/BeanProperty;)Lcom/fasterxml/jackson/databind/JsonSerializer;+48
j  com.fasterxml.jackson.databind.SerializerProvider.findTypedValueSerializer(Ljava/lang/Class;ZLcom/fasterxml/jackson/databind/BeanProperty;)Lcom/fasterxml/jackson/databind/JsonSerializer;+39
j  com.fasterxml.jackson.databind.ser.DefaultSerializerProvider.serializeValue(Lcom/fasterxml/jackson/core/JsonGenerator;Ljava/lang/Object;)V+19
j  com.fasterxml.jackson.databind.ObjectMapper._configAndWriteValue(Lcom/fasterxml/jackson/core/JsonGenerator;Ljava/lang/Object;)V+45
j  com.fasterxml.jackson.databind.ObjectMapper.writeValueAsString(Ljava/lang/Object;)Ljava/lang/String;+25
j  my.JsonPatchLine.toString()Ljava/lang/String;+8
j  sun.reflect.GeneratedMethodAccessor1.invoke(Ljava/lang/Object;[Ljava/lang/Object;)Ljava/lang/Object;+36
j  sun.reflect.DelegatingMethodAccessorImpl.invoke(Ljava/lang/Object;[Ljava/lang/Object;)Ljava/lang/Object;+6
j  java.lang.reflect.Method.invoke(Ljava/lang/Object;[Ljava/lang/Object;)Ljava/lang/Object;+57
j  com.fasterxml.jackson.databind.ser.std.JsonValueSerializer.serialize(Ljava/lang/Object;Lcom/fasterxml/jackson/core/JsonGenerator;Lcom/fasterxml/jackson/databind/SerializerProvider;)V+9
j  com.fasterxml.jackson.databind.ser.DefaultSerializerProvider.serializeValue(Lcom/fasterxml/jackson/core/JsonGenerator;Ljava/lang/Object;)V+124
j  com.fasterxml.jackson.databind.ObjectMapper._configAndWriteValue(Lcom/fasterxml/jackson/core/JsonGenerator;Ljava/lang/Object;)V+45
j  com.fasterxml.jackson.databind.ObjectMapper.writeValueAsString(Ljava/lang/Object;)Ljava/lang/String;+25
j  my.JsonPatchLine.toString()Ljava/lang/String;+8
j  sun.reflect.GeneratedMethodAccessor1.invoke(Ljava/lang/Object;[Ljava/lang/Object;)Ljava/lang/Object;+36
j  sun.reflect.DelegatingMethodAccessorImpl.invoke(Ljava/lang/Object;[Ljava/lang/Object;)Ljava/lang/Object;+6
j  java.lang.reflect.Method.invoke(Ljava/lang/Object;[Ljava/lang/Object;)Ljava/lang/Object;+57
j  com.fasterxml.jackson.databind.ser.std.JsonValueSerializer.serialize(Ljava/lang/Object;Lcom/fasterxml/jackson/core/JsonGenerator;Lcom/fasterxml/jackson/databind/SerializerProvider;)V+9
j  com.fasterxml.jackson.databind.ser.DefaultSerializerProvider.serializeValue(Lcom/fasterxml/jackson/core/JsonGenerator;Ljava/lang/Object;)V+124
j  com.fasterxml.jackson.databind.ObjectMapper._configAndWriteValue(Lcom/fasterxml/jackson/core/JsonGenerator;Ljava/lang/Object;)V+45
j  com.fasterxml.jackson.databind.ObjectMapper.writeValueAsString(Ljava/lang/Object;)Ljava/lang/String;+25
j  my.JsonPatchLine.toString()Ljava/lang/String;+8
j  sun.reflect.GeneratedMethodAccessor1.invoke(Ljava/lang/Object;[Ljava/lang/Object;)Ljava/lang/Object;+36
j  sun.reflect.DelegatingMethodAccessorImpl.invoke(Ljava/lang/Object;[Ljava/lang/Object;)Ljava/lang/Object;+6
j  java.lang.reflect.Method.invoke(Ljava/lang/Object;[Ljava/lang/Object;)Ljava/lang/Object;+57
j  com.fasterxml.jackson.databind.ser.std.JsonValueSerializer.serialize(Ljava/lang/Object;Lcom/fasterxml/jackson/core/JsonGenerator;Lcom/fasterxml/jackson/databind/SerializerProvider;)V+9
j  com.fasterxml.jackson.databind.ser.DefaultSerializerProvider.serializeValue(Lcom/fasterxml/jackson/core/JsonGenerator;Ljava/lang/Object;)V+124
j  com.fasterxml.jackson.databind.ObjectMapper._configAndWriteValue(Lcom/fasterxml/jackson/core/JsonGenerator;Ljava/lang/Object;)V+45
j  com.fasterxml.jackson.databind.ObjectMapper.writeValueAsString(Ljava/lang/Object;)Ljava/lang/String;+25
j  my.JsonPatchLine.toString()Ljava/lang/String;+8
j  sun.reflect.GeneratedMethodAccessor1.invoke(Ljava/lang/Object;[Ljava/lang/Object;)Ljava/lang/Object;+36
j  sun.reflect.DelegatingMethodAccessorImpl.invoke(Ljava/lang/Object;[Ljava/lang/Object;)Ljava/lang/Object;+6
j  java.lang.reflect.Method.invoke(Ljava/lang/Object;[Ljava/lang/Object;)Ljava/lang/Object;+57
j  com.fasterxml.jackson.databind.ser.std.JsonValueSerializer.serialize(Ljava/lang/Object;Lcom/fasterxml/jackson/core/JsonGenerator;Lcom/fasterxml/jackson/databind/SerializerProvider;)V+9
j  com.fasterxml.jackson.databind.ser.DefaultSerializerProvider.serializeValue(Lcom/fasterxml/jackson/core/JsonGenerator;Ljava/lang/Object;)V+124
j  com.fasterxml.jackson.databind.ObjectMapper._configAndWriteValue(Lcom/fasterxml/jackson/core/JsonGenerator;Ljava/lang/Object;)V+45
j  com.fasterxml.jackson.databind.ObjectMapper.writeValueAsString(Ljava/lang/Object;)Ljava/lang/String;+25
j  my.JsonPatchLine.toString()Ljava/lang/String;+8
j  sun.reflect.GeneratedMethodAccessor1.invoke(Ljava/lang/Object;[Ljava/lang/Object;)Ljava/lang/Object;+36
j  sun.reflect.DelegatingMethodAccessorImpl.invoke(Ljava/lang/Object;[Ljava/lang/Object;)Ljava/lang/Object;+6
j  java.lang.reflect.Method.invoke(Ljava/lang/Object;[Ljava/lang/Object;)Ljava/lang/Object;+57
j  com.fasterxml.jackson.databind.ser.std.JsonValueSerializer.serialize(Ljava/lang/Object;Lcom/fasterxml/jackson/core/JsonGenerator;Lcom/fasterxml/jackson/databind/SerializerProvider;)V+9
j  com.fasterxml.jackson.databind.ser.DefaultSerializerProvider.serializeValue(Lcom/fasterxml/jackson/core/JsonGenerator;Ljava/lang/Object;)V+124
j  com.fasterxml.jackson.databind.ObjectMapper._configAndWriteValue(Lcom/fasterxml/jackson/core/JsonGenerator;Ljava/lang/Object;)V+45
j  com.fasterxml.jackson.databind.ObjectMapper.writeValueAsString(Ljava/lang/Object;)Ljava/lang/String;+25
j  my.JsonPatchLine.toString()Ljava/lang/String;+8
j  sun.reflect.GeneratedMethodAccessor1.invoke(Ljava/lang/Object;[Ljava/lang/Object;)Ljava/lang/Object;+36
j  sun.reflect.DelegatingMethodAccessorImpl.invoke(Ljava/lang/Object;[Ljava/lang/Object;)Ljava/lang/Object;+6
j  java.lang.reflect.Method.invoke(Ljava/lang/Object;[Ljava/lang/Object;)Ljava/lang/Object;+57
j  com.fasterxml.jackson.databind.ser.std.JsonValueSerializer.serialize(Ljava/lang/Object;Lcom/fasterxml/jackson/core/JsonGenerator;Lcom/fasterxml/jackson/databind/SerializerProvider;)V+9
j  com.fasterxml.jackson.databind.ser.DefaultSerializerProvider.serializeValue(Lcom/fasterxml/jackson/core/JsonGenerator;Ljava/lang/Object;)V+124
j  com.fasterxml.jackson.databind.ObjectMapper._configAndWriteValue(Lcom/fasterxml/jackson/core/JsonGenerator;Ljava/lang/Object;)V+45
j  com.fasterxml.jackson.databind.ObjectMapper.writeValueAsString(Ljava/lang/Object;)Ljava/lang/String;+25
j  my.JsonPatchLine.toString()Ljava/lang/String;+8
j  sun.reflect.GeneratedMethodAccessor1.invoke(Ljava/lang/Object;[Ljava/lang/Object;)Ljava/lang/Object;+36
j  sun.reflect.DelegatingMethodAccessorImpl.invoke(Ljava/lang/Object;[Ljava/lang/Object;)Ljava/lang/Object;+6
j  java.lang.reflect.Method.invoke(Ljava/lang/Object;[Ljava/lang/Object;)Ljava/lang/Object;+57
j  com.fasterxml.jackson.databind.ser.std.JsonValueSerializer.serialize(Ljava/lang/Object;Lcom/fasterxml/jackson/core/JsonGenerator;Lcom/fasterxml/jackson/databind/SerializerProvider;)V+9
j  com.fasterxml.jackson.databind.ser.DefaultSerializerProvider.serializeValue(Lcom/fasterxml/jackson/core/JsonGenerator;Ljava/lang/Object;)V+124
j  com.fasterxml.jackson.databind.ObjectMapper._configAndWriteValue(Lcom/fasterxml/jackson/core/JsonGenerator;Ljava/lang/Object;)V+45
j  com.fasterxml.jackson.databind.ObjectMapper.writeValueAsString(Ljava/lang/Object;)Ljava/lang/String;+25
j  my.JsonPatchLine.toString()Ljava/lang/String;+8
j  sun.reflect.GeneratedMethodAccessor1.invoke(Ljava/lang/Object;[Ljava/lang/Object;)Ljava/lang/Object;+36
j  sun.reflect.DelegatingMethodAccessorImpl.invoke(Ljava/lang/Object;[Ljava/lang/Object;)Ljava/lang/Object;+6
j  java.lang.reflect.Method.invoke(Ljava/lang/Object;[Ljava/lang/Object;)Ljava/lang/Object;+57
j  com.fasterxml.jackson.databind.ser.std.JsonValueSerializer.serialize(Ljava/lang/Object;Lcom/fasterxml/jackson/core/JsonGenerator;Lcom/fasterxml/jackson/databind/SerializerProvider;)V+9
j  com.fasterxml.jackson.databind.ser.DefaultSerializerProvider.serializeValue(Lcom/fasterxml/jackson/core/JsonGenerator;Ljava/lang/Object;)V+124
j  com.fasterxml.jackson.databind.ObjectMapper._configAndWriteValue(Lcom/fasterxml/jackson/core/JsonGenerator;Ljava/lang/Object;)V+45
j  com.fasterxml.jackson.databind.ObjectMapper.writeValueAsString(Ljava/lang/Object;)Ljava/lang/String;+25
j  my.JsonPatchLine.toString()Ljava/lang/String;+8
j  sun.reflect.GeneratedMethodAccessor1.invoke(Ljava/lang/Object;[Ljava/lang/Object;)Ljava/lang/Object;+36
j  sun.reflect.DelegatingMethodAccessorImpl.invoke(Ljava/lang/Object;[Ljava/lang/Object;)Ljava/lang/Object;+6
...<more frames>...


---------------  P R O C E S S  ---------------

Java Threads: ( => current thread )
  0x67a9c800 JavaThread "Service Thread" daemon [_thread_blocked, id=11557, stack(0x6740b000,0x6745c000)]
  0x67a9ac00 JavaThread "C2 CompilerThread1" daemon [_thread_in_native, id=11556, stack(0x6745c000,0x674dd000)]
  0x67a98800 JavaThread "C2 CompilerThread0" daemon [_thread_blocked, id=11555, stack(0x674dd000,0x6755e000)]
  0x67a97000 JavaThread "Signal Dispatcher" daemon [_thread_blocked, id=11554, stack(0x6755e000,0x675af000)]
  0x67a85400 JavaThread "Finalizer" daemon [_thread_blocked, id=11553, stack(0x677af000,0x67800000)]
  0x67a83c00 JavaThread "Reference Handler" daemon [_thread_blocked, id=11552, stack(0x6a72e000,0x6a77f000)]
=>0xb6307800 JavaThread "main" [_thread_in_Java, id=11546, stack(0xb6407000,0xb6458000)]

Other Threads:
  0x67a81000 VMThread [stack: 0x67b4e000,0x67bcf000] [id=11551]
  0x67a9e800 WatcherThread [stack: 0x6738a000,0x6740b000] [id=11558]

VM state:not at safepoint (normal execution)

VM Mutex/Monitor currently owned by a thread: None

Heap
 PSYoungGen      total 19456K, used 17860K [0x9dc00000, 0xa0200000, 0xb3180000)
  eden space 16896K, 90% used [0x9dc00000,0x9eaf3d08,0x9ec80000)
  from space 2560K, 99% used [0x9ec80000,0x9eefd5d8,0x9ef00000)
  to   space 2560K, 0% used [0x9ff80000,0x9ff80000,0xa0200000)
 ParOldGen       total 43520K, used 873K [0x73180000, 0x75c00000, 0x9dc00000)
  object space 43520K, 2% used [0x73180000,0x7325a4a8,0x75c00000)
 PSPermGen       total 16384K, used 5886K [0x6b180000, 0x6c180000, 0x73180000)
  object space 16384K, 35% used [0x6b180000,0x6b73fbe0,0x6c180000)

Card table byte_map: [0x6af3f000,0x6b180000] byte_map_base: 0x6abe6400

Polling page: 0xb777b000

Code Cache  [0xb327f000, 0xb34bf000, 0xb627f000)
 total_blobs=206 nmethods=75 adapters=84 free_code_cache=48758Kb largest_free_block=49911232

Compilation events (10 events):
Event: 0,571 Thread 0x67a98800 nmethod 70 0xb32e0108 code [0xb32e0260, 0xb32e0704]
Event: 0,573 Thread 0x67a9ac00   71             sun.reflect.ReflectionFactory::langReflectAccess (15 bytes)
Event: 0,573 Thread 0x67a98800   72             java.lang.reflect.AccessibleObject::<init> (5 bytes)
Event: 0,574 Thread 0x67a98800 nmethod 72 0xb32dff88 code [0xb32e0060, 0xb32e00b0]
Event: 0,574 Thread 0x67a9ac00 nmethod 71 0xb32e2c88 code [0xb32e2d80, 0xb32e2dd0]
Event: 0,575 Thread 0x67a98800   73             java.lang.StringBuilder::toString (17 bytes)
Event: 0,578 Thread 0x67a98800 nmethod 73 0xb32e1208 code [0xb32e1320, 0xb32e15f0]
Event: 0,599 Thread 0x67a9ac00   75             java.util.LinkedHashMap::get (25 bytes)
Event: 0,599 Thread 0x67a98800   76             java.lang.reflect.Modifier::isStatic (13 bytes)
Event: 0,599 Thread 0x67a98800 nmethod 76 0xb32d0a48 code [0xb32d0b20, 0xb32d0b50]

GC Heap History (2 events):
Event: 0,306 GC heap before
{Heap before GC invocations=1 (full 0):
 PSYoungGen      total 19456K, used 16896K [0x9dc00000, 0x9f180000, 0xb3180000)
  eden space 16896K, 100% used [0x9dc00000,0x9ec80000,0x9ec80000)
  from space 2560K, 0% used [0x9ef00000,0x9ef00000,0x9f180000)
  to   space 2560K, 0% used [0x9ec80000,0x9ec80000,0x9ef00000)
 ParOldGen       total 43520K, used 0K [0x73180000, 0x75c00000, 0x9dc00000)
  object space 43520K, 0% used [0x73180000,0x73180000,0x75c00000)
 PSPermGen       total 16384K, used 5331K [0x6b180000, 0x6c180000, 0x73180000)
  object space 16384K, 32% used [0x6b180000,0x6b6b4e18,0x6c180000)
Event: 0,310 GC heap after
Heap after GC invocations=1 (full 0):
 PSYoungGen      total 19456K, used 2549K [0x9dc00000, 0xa0200000, 0xb3180000)
  eden space 16896K, 0% used [0x9dc00000,0x9dc00000,0x9ec80000)
  from space 2560K, 99% used [0x9ec80000,0x9eefd5d8,0x9ef00000)
  to   space 2560K, 0% used [0x9ff80000,0x9ff80000,0xa0200000)
 ParOldGen       total 43520K, used 873K [0x73180000, 0x75c00000, 0x9dc00000)
  object space 43520K, 2% used [0x73180000,0x7325a4a8,0x75c00000)
 PSPermGen       total 16384K, used 5331K [0x6b180000, 0x6c180000, 0x73180000)
  object space 16384K, 32% used [0x6b180000,0x6b6b4e18,0x6c180000)
}

Deoptimization events (1 events):
Event: 0,195 Thread 0xb6307800 Uncommon trap: reason=class_check action=maybe_recompile pc=0xb32cbab4 method=java.lang.String.equals(Ljava/lang/Object;)Z @ 8

Internal exceptions (10 events):
Event: 0,369 Thread 0xb6307800 Threw 0x9defdac0 at /build/openjdk-7-k8RXZ4/openjdk-7-7u75-2.5.4/build/openjdk/hotspot/src/share/vm/prims/jvm.cpp:1284
Event: 0,371 Thread 0xb6307800 Threw 0x9df07920 at /build/openjdk-7-k8RXZ4/openjdk-7-7u75-2.5.4/build/openjdk/hotspot/src/share/vm/interpreter/interpreterRuntime.cpp:373
Event: 0,371 Thread 0xb6307800 Threw 0x9df09608 at /build/openjdk-7-k8RXZ4/openjdk-7-7u75-2.5.4/build/openjdk/hotspot/src/share/vm/prims/jvm.cpp:1284
Event: 0,372 Thread 0xb6307800 Threw 0x9df10df0 at /build/openjdk-7-k8RXZ4/openjdk-7-7u75-2.5.4/build/openjdk/hotspot/src/share/vm/prims/jvm.cpp:1284
Event: 0,373 Thread 0xb6307800 Threw 0x9df1b3c8 at /build/openjdk-7-k8RXZ4/openjdk-7-7u75-2.5.4/build/openjdk/hotspot/src/share/vm/prims/jvm.cpp:1284
Event: 0,373 Thread 0xb6307800 Threw 0x9df23ad8 at /build/openjdk-7-k8RXZ4/openjdk-7-7u75-2.5.4/build/openjdk/hotspot/src/share/vm/prims/jvm.cpp:1284
Event: 0,374 Thread 0xb6307800 Threw 0x9df2bf30 at /build/openjdk-7-k8RXZ4/openjdk-7-7u75-2.5.4/build/openjdk/hotspot/src/share/vm/prims/jvm.cpp:1284
Event: 0,374 Thread 0xb6307800 Threw 0x9df32a90 at /build/openjdk-7-k8RXZ4/openjdk-7-7u75-2.5.4/build/openjdk/hotspot/src/share/vm/prims/jvm.cpp:1284
Event: 0,375 Thread 0xb6307800 Threw 0x9df3bf70 at /build/openjdk-7-k8RXZ4/openjdk-7-7u75-2.5.4/build/openjdk/hotspot/src/share/vm/prims/jvm.cpp:1284
Event: 0,376 Thread 0xb6307800 Threw 0x9df416f8 at /build/openjdk-7-k8RXZ4/openjdk-7-7u75-2.5.4/build/openjdk/hotspot/src/share/vm/prims/jvm.cpp:1284

Events (10 events):
Event: 0,384 loading class 0x678a6990
Event: 0,384 loading class 0x678a6990 done
Event: 0,384 loading class 0x67863f08
Event: 0,384 loading class 0x67863f08 done
Event: 0,384 loading class 0x678a6ad8
Event: 0,384 loading class 0x678a6ad8 done
Event: 0,384 loading class 0x678a6b98
Event: 0,384 loading class 0x678a6b98 done
Event: 0,384 loading class 0x6ab4ddf8
Event: 0,384 loading class 0x6ab4ddf8 done


Dynamic libraries:
08048000-08049000 r-xp 00000000 08:02 4329206    /usr/lib/jvm/java-7-openjdk-i386/jre/bin/java
08049000-0804a000 r--p 00000000 08:02 4329206    /usr/lib/jvm/java-7-openjdk-i386/jre/bin/java
0804a000-0804b000 rw-p 00001000 08:02 4329206    /usr/lib/jvm/java-7-openjdk-i386/jre/bin/java
0878a000-087ab000 rw-p 00000000 00:00 0          [heap]
66b00000-66b6a000 rw-p 00000000 00:00 0 
66b6a000-66c00000 ---p 00000000 00:00 0 
66cf0000-66eb1000 rw-p 00000000 00:00 0 
66eb1000-66f20000 r-xp 00000000 08:02 3670660    /lib/i386-linux-gnu/libpcre.so.3.13.1
66f20000-66f21000 r--p 0006f000 08:02 3670660    /lib/i386-linux-gnu/libpcre.so.3.13.1
66f21000-66f22000 rw-p 00070000 08:02 3670660    /lib/i386-linux-gnu/libpcre.so.3.13.1
66f22000-67048000 r-xp 00000000 08:02 3670620    /lib/i386-linux-gnu/libglib-2.0.so.0.4200.1
67048000-67049000 r--p 00125000 08:02 3670620    /lib/i386-linux-gnu/libglib-2.0.so.0.4200.1
67049000-6704a000 rw-p 00126000 08:02 3670620    /lib/i386-linux-gnu/libglib-2.0.so.0.4200.1
6704a000-671fb000 r-xp 00000000 08:02 4203714    /usr/lib/i386-linux-gnu/libgio-2.0.so.0.4200.1
671fb000-671fe000 r--p 001b0000 08:02 4203714    /usr/lib/i386-linux-gnu/libgio-2.0.so.0.4200.1
671fe000-671ff000 rw-p 001b3000 08:02 4203714    /usr/lib/i386-linux-gnu/libgio-2.0.so.0.4200.1
671ff000-67200000 rw-p 00000000 00:00 0 
67200000-67300000 rw-p 00000000 00:00 0 
6732c000-67388000 r-xp 00000000 08:02 4203727    /usr/lib/i386-linux-gnu/libgobject-2.0.so.0.4200.1
67388000-67389000 r--p 0005b000 08:02 4203727    /usr/lib/i386-linux-gnu/libgobject-2.0.so.0.4200.1
67389000-6738a000 rw-p 0005c000 08:02 4203727    /usr/lib/i386-linux-gnu/libgobject-2.0.so.0.4200.1
6738a000-6738b000 ---p 00000000 00:00 0 
6738b000-6745c000 rwxp 00000000 00:00 0          [stack:11557]
6745c000-6745d000 ---p 00000000 00:00 0 
6745d000-674dd000 rwxp 00000000 00:00 0          [stack:11556]
674dd000-674de000 ---p 00000000 00:00 0 
674de000-675af000 rwxp 00000000 00:00 0          [stack:11554]
675af000-677af000 r--p 00000000 08:02 4327398    /usr/lib/locale/locale-archive
677af000-67800000 rwxp 00000000 00:00 0          [stack:11553]
67800000-678e4000 rw-p 00000000 00:00 0 
678e4000-67900000 ---p 00000000 00:00 0 
67900000-67921000 rw-p 00000000 00:00 0 
67921000-67a00000 ---p 00000000 00:00 0 
67a00000-67afc000 rw-p 00000000 00:00 0 
67afc000-67b00000 ---p 00000000 00:00 0 
67b4e000-67b4f000 ---p 00000000 00:00 0 
67b4f000-67bcf000 rwxp 00000000 00:00 0          [stack:11551]
67bcf000-67d80000 r--s 01d23000 08:02 4330044    /usr/lib/jvm/java-7-openjdk-i386/jre/lib/rt.jar
67d80000-6a600000 rw-p 00000000 00:00 0 
6a600000-6a6cc000 rw-p 00000000 00:00 0 
6a6cc000-6a700000 ---p 00000000 00:00 0 
6a706000-6a72b000 r-xp 00000000 08:02 3670669    /lib/i386-linux-gnu/libselinux.so.1
6a72b000-6a72c000 r--p 00024000 08:02 3670669    /lib/i386-linux-gnu/libselinux.so.1
6a72c000-6a72d000 rw-p 00025000 08:02 3670669    /lib/i386-linux-gnu/libselinux.so.1
6a72d000-6a72e000 rw-p 00000000 00:00 0 
6a72e000-6a77f000 rwxp 00000000 00:00 0          [stack:11552]
6a77f000-6a780000 ---p 00000000 00:00 0 
6a780000-6a800000 rwxp 00000000 00:00 0          [stack:11550]
6a800000-6a821000 rw-p 00000000 00:00 0 
6a821000-6a900000 ---p 00000000 00:00 0 
6a901000-6a914000 r-xp 00000000 08:02 3671590    /lib/i386-linux-gnu/i686/cmov/libresolv-2.19.so
6a914000-6a915000 r--p 00012000 08:02 3671590    /lib/i386-linux-gnu/i686/cmov/libresolv-2.19.so
6a915000-6a916000 rw-p 00013000 08:02 3671590    /lib/i386-linux-gnu/i686/cmov/libresolv-2.19.so
6a916000-6a918000 rw-p 00000000 00:00 0 
6a936000-6a97f000 rw-p 00000000 00:00 0 
6a97f000-6a980000 ---p 00000000 00:00 0 
6a980000-6aa00000 rwxp 00000000 00:00 0          [stack:11549]
6aa00000-6aa21000 rw-p 00000000 00:00 0 
6aa21000-6ab00000 ---p 00000000 00:00 0 
6ab04000-6ab0a000 r-xp 00000000 08:02 4203642    /usr/lib/i386-linux-gnu/libffi.so.6.0.2
6ab0a000-6ab0b000 r--p 00005000 08:02 4203642    /usr/lib/i386-linux-gnu/libffi.so.6.0.2
6ab0b000-6ab0c000 rw-p 00006000 08:02 4203642    /usr/lib/i386-linux-gnu/libffi.so.6.0.2
6ab0c000-6ab22000 r-xp 00000000 08:02 4329284    /usr/lib/jvm/java-7-openjdk-i386/jre/lib/i386/libnet.so
6ab22000-6ab23000 r--p 00016000 08:02 4329284    /usr/lib/jvm/java-7-openjdk-i386/jre/lib/i386/libnet.so
6ab23000-6ab24000 rw-p 00017000 08:02 4329284    /usr/lib/jvm/java-7-openjdk-i386/jre/lib/i386/libnet.so
6ab24000-6ab7f000 rw-p 00000000 00:00 0 
6ab7f000-6ab80000 ---p 00000000 00:00 0 
6ab80000-6ac00000 rwxp 00000000 00:00 0          [stack:11548]
6ac00000-6ac21000 rw-p 00000000 00:00 0 
6ac21000-6ad00000 ---p 00000000 00:00 0 
6ad04000-6ad14000 r-xp 00000000 08:02 4329285    /usr/lib/jvm/java-7-openjdk-i386/jre/lib/i386/libnio.so
6ad14000-6ad15000 r--p 00010000 08:02 4329285    /usr/lib/jvm/java-7-openjdk-i386/jre/lib/i386/libnio.so
6ad15000-6ad16000 rw-p 00011000 08:02 4329285    /usr/lib/jvm/java-7-openjdk-i386/jre/lib/i386/libnio.so
6ad16000-6ad28000 r--s 00105000 08:02 6821895    /home/chammers/.m2/repository/com/fasterxml/jackson/core/jackson-databind/2.5.1/jackson-databind-2.5.1.jar
6ad28000-6ad29000 ---p 00000000 00:00 0 
6ad29000-6ada9000 rwxp 00000000 00:00 0          [stack:11547]
6ada9000-6adb1000 rw-p 00000000 00:00 0 
6adb1000-6ade9000 rw-p 00000000 00:00 0 
6ade9000-6adff000 rw-p 00000000 00:00 0 
6adff000-6af3f000 rw-p 00000000 00:00 0 
6af3f000-6af47000 rw-p 00000000 00:00 0 
6af47000-6af7f000 rw-p 00000000 00:00 0 
6af7f000-6af95000 rw-p 00000000 00:00 0 
6af95000-6b0d4000 rw-p 00000000 00:00 0 
6b0d4000-6b0e8000 rw-p 00000000 00:00 0 
6b0e8000-6b17f000 rw-p 00000000 00:00 0 
6b17f000-6c180000 rw-p 00000000 00:00 0 
6c180000-73180000 rw-p 00000000 00:00 0 
73180000-75c00000 rw-p 00000000 00:00 0 
75c00000-9dc00000 rw-p 00000000 00:00 0 
9dc00000-a0200000 rw-p 00000000 00:00 0 
a0200000-b3180000 rw-p 00000000 00:00 0 
b3186000-b3189000 r-xp 00000000 08:02 4203721    /usr/lib/i386-linux-gnu/libgmodule-2.0.so.0.4200.1
b3189000-b318a000 r--p 00002000 08:02 4203721    /usr/lib/i386-linux-gnu/libgmodule-2.0.so.0.4200.1
b318a000-b318b000 rw-p 00003000 08:02 4203721    /usr/lib/i386-linux-gnu/libgmodule-2.0.so.0.4200.1
b318b000-b318d000 r--s 00007000 08:02 7079155    /home/chammers/.m2/repository/org/apache/maven/surefire/surefire-junit4/2.10/surefire-junit4-2.10.jar
b318d000-b318f000 r--s 00008000 08:02 6821892    /home/chammers/.m2/repository/com/fasterxml/jackson/core/jackson-annotations/2.5.1/jackson-annotations-2.5.1.jar
b318f000-b3193000 r--s 00035000 08:02 6688674    /home/chammers/.m2/repository/com/fasterxml/jackson/core/jackson-core/2.5.1/jackson-core-2.5.1.jar
b3193000-b3195000 r--s 00011000 08:02 6687134    /home/chammers/.m2/repository/org/hamcrest/hamcrest-core/1.1/hamcrest-core-1.1.jar
b3195000-b319c000 r--s 00037000 08:02 6686756    /home/chammers/.m2/repository/junit/junit/4.10/junit-4.10.jar
b319c000-b31a1000 r--s 00023000 08:02 7079021    /home/chammers/.m2/repository/org/apache/maven/surefire/surefire-api/2.10/surefire-api-2.10.jar
b31a1000-b31a3000 r--s 00007000 08:02 7079075    /home/chammers/.m2/repository/org/apache/maven/surefire/surefire-booter/2.10/surefire-booter-2.10.jar
b31a3000-b31a4000 r--s 00000000 08:02 5116816    /home/chammers/workspace/jackson_segfault/target/surefire/surefirebooter4507665940794915730.jar
b31a4000-b31c8000 rw-p 00000000 00:00 0 
b31c8000-b327f000 rw-p 00000000 00:00 0 
b327f000-b34bf000 rwxp 00000000 00:00 0 
b34bf000-b627f000 rw-p 00000000 00:00 0 
b627f000-b628a000 r-xp 00000000 08:02 3671580    /lib/i386-linux-gnu/i686/cmov/libnss_files-2.19.so
b628a000-b628b000 r--p 0000a000 08:02 3671580    /lib/i386-linux-gnu/i686/cmov/libnss_files-2.19.so
b628b000-b628c000 rw-p 0000b000 08:02 3671580    /lib/i386-linux-gnu/i686/cmov/libnss_files-2.19.so
b628c000-b6296000 r-xp 00000000 08:02 3671584    /lib/i386-linux-gnu/i686/cmov/libnss_nis-2.19.so
b6296000-b6297000 r--p 00009000 08:02 3671584    /lib/i386-linux-gnu/i686/cmov/libnss_nis-2.19.so
b6297000-b6298000 rw-p 0000a000 08:02 3671584    /lib/i386-linux-gnu/i686/cmov/libnss_nis-2.19.so
b6298000-b62ad000 r-xp 00000000 08:02 3671574    /lib/i386-linux-gnu/i686/cmov/libnsl-2.19.so
b62ad000-b62ae000 r--p 00015000 08:02 3671574    /lib/i386-linux-gnu/i686/cmov/libnsl-2.19.so
b62ae000-b62af000 rw-p 00016000 08:02 3671574    /lib/i386-linux-gnu/i686/cmov/libnsl-2.19.so
b62af000-b62b1000 rw-p 00000000 00:00 0 
b62b1000-b62b3000 r--s 00012000 08:02 4329305    /usr/lib/jvm/java-7-openjdk-i386/jre/lib/ext/zipfs.jar
b62b3000-b62b6000 r--s 0000f000 08:02 4329306    /usr/lib/jvm/java-7-openjdk-i386/jre/lib/ext/icedtea-sound.jar
b62b6000-b62b9000 r--s 00086000 08:02 4329302    /usr/lib/jvm/java-7-openjdk-i386/jre/lib/ext/localedata.jar
b62b9000-b62bd000 r--s 00034000 08:02 4329303    /usr/lib/jvm/java-7-openjdk-i386/jre/lib/ext/sunjce_provider.jar
b62bd000-b62c5000 r-xp 00000000 08:02 4329291    /usr/lib/jvm/java-7-openjdk-i386/jre/lib/i386/libzip.so
b62c5000-b62c6000 r--p 00007000 08:02 4329291    /usr/lib/jvm/java-7-openjdk-i386/jre/lib/i386/libzip.so
b62c6000-b62c7000 rw-p 00008000 08:02 4329291    /usr/lib/jvm/java-7-openjdk-i386/jre/lib/i386/libzip.so
b62c7000-b62cf000 rw-s 00000000 08:02 6560053    /tmp/hsperfdata_chammers/11542
b62cf000-b62f5000 r-xp 00000000 08:02 4329273    /usr/lib/jvm/java-7-openjdk-i386/jre/lib/i386/libjava.so
b62f5000-b62f6000 r--p 00025000 08:02 4329273    /usr/lib/jvm/java-7-openjdk-i386/jre/lib/i386/libjava.so
b62f6000-b62f7000 rw-p 00026000 08:02 4329273    /usr/lib/jvm/java-7-openjdk-i386/jre/lib/i386/libjava.so
b62f7000-b62fe000 r-xp 00000000 08:02 3671592    /lib/i386-linux-gnu/i686/cmov/librt-2.19.so
b62fe000-b62ff000 r--p 00006000 08:02 3671592    /lib/i386-linux-gnu/i686/cmov/librt-2.19.so
b62ff000-b6300000 rw-p 00007000 08:02 3671592    /lib/i386-linux-gnu/i686/cmov/librt-2.19.so
b6300000-b63ff000 rw-p 00000000 00:00 0 
b63ff000-b6400000 ---p 00000000 00:00 0 
b6400000-b6402000 r--s 00006000 08:02 4600086    /usr/share/java/java-atk-wrapper.jar
b6402000-b6406000 r--s 0003c000 08:02 4329300    /usr/lib/jvm/java-7-openjdk-i386/jre/lib/ext/sunpkcs11.jar
b6406000-b6407000 r--s 00002000 08:02 4329301    /usr/lib/jvm/java-7-openjdk-i386/jre/lib/ext/dnsns.jar
b6407000-b6408000 rw-p 00000000 00:00 0 
b6408000-b6458000 rwxp 00000000 00:00 0          [stack:11546]
b6458000-b6474000 r-xp 00000000 08:02 3672411    /lib/i386-linux-gnu/libgcc_s.so.1
b6474000-b6475000 rw-p 0001b000 08:02 3672411    /lib/i386-linux-gnu/libgcc_s.so.1
b6475000-b64b9000 r-xp 00000000 08:02 3671570    /lib/i386-linux-gnu/i686/cmov/libm-2.19.so
b64b9000-b64ba000 r--p 00043000 08:02 3671570    /lib/i386-linux-gnu/i686/cmov/libm-2.19.so
b64ba000-b64bb000 rw-p 00044000 08:02 3671570    /lib/i386-linux-gnu/i686/cmov/libm-2.19.so
b64bb000-b65a1000 r-xp 00000000 08:02 4202165    /usr/lib/i386-linux-gnu/libstdc++.so.6.0.20
b65a1000-b65a5000 r--p 000e6000 08:02 4202165    /usr/lib/i386-linux-gnu/libstdc++.so.6.0.20
b65a5000-b65a6000 rw-p 000ea000 08:02 4202165    /usr/lib/i386-linux-gnu/libstdc++.so.6.0.20
b65a6000-b65ad000 rw-p 00000000 00:00 0 
b65ad000-b70f1000 r-xp 00000000 08:02 4329292    /usr/lib/jvm/java-7-openjdk-i386/jre/lib/i386/server/libjvm.so
b70f1000-b7145000 r--p 00b43000 08:02 4329292    /usr/lib/jvm/java-7-openjdk-i386/jre/lib/i386/server/libjvm.so
b7145000-b7159000 rw-p 00b97000 08:02 4329292    /usr/lib/jvm/java-7-openjdk-i386/jre/lib/i386/server/libjvm.so
b7159000-b7578000 rw-p 00000000 00:00 0 
b7578000-b7592000 r-xp 00000000 08:02 3670687    /lib/i386-linux-gnu/libz.so.1.2.8
b7592000-b7594000 r--p 00019000 08:02 3670687    /lib/i386-linux-gnu/libz.so.1.2.8
b7594000-b7595000 rw-p 0001b000 08:02 3670687    /lib/i386-linux-gnu/libz.so.1.2.8
b7595000-b7739000 r-xp 00000000 08:02 3671562    /lib/i386-linux-gnu/i686/cmov/libc-2.19.so
b7739000-b773b000 r--p 001a4000 08:02 3671562    /lib/i386-linux-gnu/i686/cmov/libc-2.19.so
b773b000-b773c000 rw-p 001a6000 08:02 3671562    /lib/i386-linux-gnu/i686/cmov/libc-2.19.so
b773c000-b773f000 rw-p 00000000 00:00 0 
b773f000-b7742000 r-xp 00000000 08:02 3671568    /lib/i386-linux-gnu/i686/cmov/libdl-2.19.so
b7742000-b7743000 r--p 00002000 08:02 3671568    /lib/i386-linux-gnu/i686/cmov/libdl-2.19.so
b7743000-b7744000 rw-p 00003000 08:02 3671568    /lib/i386-linux-gnu/i686/cmov/libdl-2.19.so
b7744000-b7750000 r-xp 00000000 08:02 4329295    /usr/lib/jvm/java-7-openjdk-i386/jre/lib/i386/jli/libjli.so
b7750000-b7751000 r--p 0000b000 08:02 4329295    /usr/lib/jvm/java-7-openjdk-i386/jre/lib/i386/jli/libjli.so
b7751000-b7752000 rw-p 0000c000 08:02 4329295    /usr/lib/jvm/java-7-openjdk-i386/jre/lib/i386/jli/libjli.so
b7752000-b776a000 r-xp 00000000 08:02 3671514    /lib/i386-linux-gnu/i686/cmov/libpthread-2.19.so
b776a000-b776b000 r--p 00017000 08:02 3671514    /lib/i386-linux-gnu/i686/cmov/libpthread-2.19.so
b776b000-b776c000 rw-p 00018000 08:02 3671514    /lib/i386-linux-gnu/i686/cmov/libpthread-2.19.so
b776c000-b776f000 rw-p 00000000 00:00 0 
b776f000-b7771000 r--p 001ff000 08:02 4327398    /usr/lib/locale/locale-archive
b7771000-b7778000 r-xp 00000000 08:02 3671576    /lib/i386-linux-gnu/i686/cmov/libnss_compat-2.19.so
b7778000-b7779000 r--p 00006000 08:02 3671576    /lib/i386-linux-gnu/i686/cmov/libnss_compat-2.19.so
b7779000-b777a000 rw-p 00007000 08:02 3671576    /lib/i386-linux-gnu/i686/cmov/libnss_compat-2.19.so
b777a000-b777b000 rw-p 00000000 00:00 0 
b777b000-b777c000 r--p 00000000 00:00 0 
b777c000-b778a000 r-xp 00000000 08:02 4329290    /usr/lib/jvm/java-7-openjdk-i386/jre/lib/i386/libverify.so
b778a000-b778c000 r--p 0000d000 08:02 4329290    /usr/lib/jvm/java-7-openjdk-i386/jre/lib/i386/libverify.so
b778c000-b778d000 rw-p 0000f000 08:02 4329290    /usr/lib/jvm/java-7-openjdk-i386/jre/lib/i386/libverify.so
b778d000-b778f000 rw-p 00000000 00:00 0 
b778f000-b7790000 r-xp 00000000 00:00 0          [vdso]
b7790000-b7792000 r--p 00000000 00:00 0          [vvar]
b7792000-b77b1000 r-xp 00000000 08:02 3671487    /lib/i386-linux-gnu/ld-2.19.so
b77b1000-b77b2000 r--p 0001f000 08:02 3671487    /lib/i386-linux-gnu/ld-2.19.so
b77b2000-b77b3000 rw-p 00020000 08:02 3671487    /lib/i386-linux-gnu/ld-2.19.so
bfac5000-bfac6000 rwxp 00000000 00:00 0 
bfaf8000-bfb18000 rwxp 00000000 00:00 0          [stack]
bfb18000-bfb19000 rw-p 00000000 00:00 0 

VM Arguments:
java_command: /home/chammers/workspace/jackson_segfault/target/surefire/surefirebooter4507665940794915730.jar /home/chammers/workspace/jackson_segfault/target/surefire/surefire6565870962306377197tmp /home/chammers/workspace/jackson_segfault/target/surefire/surefire8311866597158128586tmp
Launcher Type: SUN_STANDARD

Environment Variables:
JAVA_HOME=/usr/lib/jvm/java-7-openjdk-i386
PATH=/home/chammers/bin:/usr/local/bin:/usr/bin:/bin:/usr/local/games:/usr/games:/usr/sbin:/sbin:/usr/local/sbin
SHELL=/bin/bash
DISPLAY=:0

Signal Handlers:
SIGSEGV: [libjvm.so+0x7ed360], sa_mask[0]=0x7ffbfeff, sa_flags=0x10000004
SIGBUS: [libjvm.so+0x7ed360], sa_mask[0]=0x7ffbfeff, sa_flags=0x10000004
SIGFPE: [libjvm.so+0x670ff0], sa_mask[0]=0x7ffbfeff, sa_flags=0x10000004
SIGPIPE: [libjvm.so+0x670ff0], sa_mask[0]=0x7ffbfeff, sa_flags=0x10000004
SIGXFSZ: [libjvm.so+0x670ff0], sa_mask[0]=0x7ffbfeff, sa_flags=0x10000004
SIGILL: [libjvm.so+0x670ff0], sa_mask[0]=0x7ffbfeff, sa_flags=0x10000004
SIGUSR1: SIG_DFL, sa_mask[0]=0x00000000, sa_flags=0x00000000
SIGUSR2: [libjvm.so+0x670e40], sa_mask[0]=0x00000004, sa_flags=0x10000004
SIGHUP: [libjvm.so+0x6710a0], sa_mask[0]=0x7ffbfeff, sa_flags=0x10000004
SIGINT: [libjvm.so+0x6710a0], sa_mask[0]=0x7ffbfeff, sa_flags=0x10000004
SIGTERM: [libjvm.so+0x6710a0], sa_mask[0]=0x7ffbfeff, sa_flags=0x10000004
SIGQUIT: [libjvm.so+0x6710a0], sa_mask[0]=0x7ffbfeff, sa_flags=0x10000004
SIGTRAP: SIG_DFL, sa_mask[0]=0x00000000, sa_flags=0x00000000


---------------  S Y S T E M  ---------------

OS:Red Hat Enterprise Linux AS release 3 (Taroon)

uname:Linux 3.16.0-4-686-pae #1 SMP Debian 3.16.7-ckt2-1 (2014-12-08) i686
libc:glibc 2.19 NPTL 2.19 
rlimit: STACK 8192k, CORE 0k, NPROC 128857, NOFILE 65536, AS infinity
load average:0,68 0,62 0,52

/proc/meminfo:
MemTotal:       16517796 kB
MemFree:         9740796 kB
MemAvailable:   12982864 kB
Buffers:          311320 kB
Cached:          3568488 kB
SwapCached:         2572 kB
Active:          3971300 kB
Inactive:        2395636 kB
Active(anon):    2491848 kB
Inactive(anon):   310596 kB
Active(file):    1479452 kB
Inactive(file):  2085040 kB
Unevictable:          32 kB
Mlocked:              32 kB
HighTotal:      15756240 kB
HighFree:        9669272 kB
LowTotal:         761556 kB
LowFree:           71524 kB
SwapTotal:        524284 kB
SwapFree:         512436 kB
Dirty:                 0 kB
Writeback:             0 kB
AnonPages:       2486128 kB
Mapped:           409796 kB
Shmem:            315312 kB
Slab:             359992 kB
SReclaimable:     329200 kB
SUnreclaim:        30792 kB
KernelStack:        4472 kB
PageTables:        17124 kB
NFS_Unstable:          0 kB
Bounce:                0 kB
WritebackTmp:          0 kB
CommitLimit:     8783180 kB
Committed_AS:    7416832 kB
VmallocTotal:     122880 kB
VmallocUsed:       28904 kB
VmallocChunk:      11668 kB
HardwareCorrupted:     0 kB
AnonHugePages:         0 kB
HugePages_Total:       0
HugePages_Free:        0
HugePages_Rsvd:        0
HugePages_Surp:        0
Hugepagesize:       2048 kB
DirectMap4k:       14328 kB
DirectMap2M:      890880 kB


CPU:total 4 (2 cores per cpu, 2 threads per core) family 6 model 58 stepping 9, cmov, cx8, fxsr, mmx, sse, sse2, sse3, ssse3, sse4.1, sse4.2, popcnt, avx, erms, ht, tsc, tscinvbit, tscinv

/proc/cpuinfo:
processor	: 0
vendor_id	: GenuineIntel
cpu family	: 6
model		: 58
model name	: Intel(R) Core(TM) i3-3240 CPU @ 3.40GHz
stepping	: 9
microcode	: 0x19
cpu MHz		: 3400.000
cache size	: 3072 KB
physical id	: 0
siblings	: 4
core id		: 0
cpu cores	: 2
apicid		: 0
initial apicid	: 0
fdiv_bug	: no
f00f_bug	: no
coma_bug	: no
fpu		: yes
fpu_exception	: yes
cpuid level	: 13
wp		: yes
flags		: fpu vme de pse tsc msr pae mce cx8 apic sep mtrr pge mca cmov pat pse36 clflush dts acpi mmx fxsr sse sse2 ss ht tm pbe nx rdtscp lm constant_tsc arch_perfmon pebs bts xtopology nonstop_tsc aperfmperf eagerfpu pni pclmulqdq dtes64 monitor ds_cpl vmx est tm2 ssse3 cx16 xtpr pdcm pcid sse4_1 sse4_2 popcnt tsc_deadline_timer xsave avx f16c lahf_lm arat epb xsaveopt pln pts dtherm tpr_shadow vnmi flexpriority ept vpid fsgsbase smep erms
bogomips	: 6784.52
clflush size	: 64
cache_alignment	: 64
address sizes	: 36 bits physical, 48 bits virtual
power management:

processor	: 1
vendor_id	: GenuineIntel
cpu family	: 6
model		: 58
model name	: Intel(R) Core(TM) i3-3240 CPU @ 3.40GHz
stepping	: 9
microcode	: 0x19
cpu MHz		: 3400.000
cache size	: 3072 KB
physical id	: 0
siblings	: 4
core id		: 1
cpu cores	: 2
apicid		: 2
initial apicid	: 2
fdiv_bug	: no
f00f_bug	: no
coma_bug	: no
fpu		: yes
fpu_exception	: yes
cpuid level	: 13
wp		: yes
flags		: fpu vme de pse tsc msr pae mce cx8 apic sep mtrr pge mca cmov pat pse36 clflush dts acpi mmx fxsr sse sse2 ss ht tm pbe nx rdtscp lm constant_tsc arch_perfmon pebs bts xtopology nonstop_tsc aperfmperf eagerfpu pni pclmulqdq dtes64 monitor ds_cpl vmx est tm2 ssse3 cx16 xtpr pdcm pcid sse4_1 sse4_2 popcnt tsc_deadline_timer xsave avx f16c lahf_lm arat epb xsaveopt pln pts dtherm tpr_shadow vnmi flexpriority ept vpid fsgsbase smep erms
bogomips	: 6784.52
clflush size	: 64
cache_alignment	: 64
address sizes	: 36 bits physical, 48 bits virtual
power management:

processor	: 2
vendor_id	: GenuineIntel
cpu family	: 6
model		: 58
model name	: Intel(R) Core(TM) i3-3240 CPU @ 3.40GHz
stepping	: 9
microcode	: 0x19
cpu MHz		: 3400.000
cache size	: 3072 KB
physical id	: 0
siblings	: 4
core id		: 0
cpu cores	: 2
apicid		: 1
initial apicid	: 1
fdiv_bug	: no
f00f_bug	: no
coma_bug	: no
fpu		: yes
fpu_exception	: yes
cpuid level	: 13
wp		: yes
flags		: fpu vme de pse tsc msr pae mce cx8 apic sep mtrr pge mca cmov pat pse36 clflush dts acpi mmx fxsr sse sse2 ss ht tm pbe nx rdtscp lm constant_tsc arch_perfmon pebs bts xtopology nonstop_tsc aperfmperf eagerfpu pni pclmulqdq dtes64 monitor ds_cpl vmx est tm2 ssse3 cx16 xtpr pdcm pcid sse4_1 sse4_2 popcnt tsc_deadline_timer xsave avx f16c lahf_lm arat epb xsaveopt pln pts dtherm tpr_shadow vnmi flexpriority ept vpid fsgsbase smep erms
bogomips	: 6784.52
clflush size	: 64
cache_alignment	: 64
address sizes	: 36 bits physical, 48 bits virtual
power management:

processor	: 3
vendor_id	: GenuineIntel
cpu family	: 6
model		: 58
model name	: Intel(R) Core(TM) i3-3240 CPU @ 3.40GHz
stepping	: 9
microcode	: 0x19
cpu MHz		: 3400.000
cache size	: 3072 KB
physical id	: 0
siblings	: 4
core id		: 1
cpu cores	: 2
apicid		: 3
initial apicid	: 3
fdiv_bug	: no
f00f_bug	: no
coma_bug	: no
fpu		: yes
fpu_exception	: yes
cpuid level	: 13
wp		: yes
flags		: fpu vme de pse tsc msr pae mce cx8 apic sep mtrr pge mca cmov pat pse36 clflush dts acpi mmx fxsr sse sse2 ss ht tm pbe nx rdtscp lm constant_tsc arch_perfmon pebs bts xtopology nonstop_tsc aperfmperf eagerfpu pni pclmulqdq dtes64 monitor ds_cpl vmx est tm2 ssse3 cx16 xtpr pdcm pcid sse4_1 sse4_2 popcnt tsc_deadline_timer xsave avx f16c lahf_lm arat epb xsaveopt pln pts dtherm tpr_shadow vnmi flexpriority ept vpid fsgsbase smep erms
bogomips	: 6784.52
clflush size	: 64
cache_alignment	: 64
address sizes	: 36 bits physical, 48 bits virtual
power management:



Memory: 4k page, physical 16517796k(9740796k free), swap 524284k(512436k free)

vm_info: OpenJDK Server VM (24.75-b04) for linux-x86 JRE (1.7.0_75-b13), built on Feb  5 2015 23:34:45 by "buildd" with gcc 4.9.2

time: Wed Apr  8 10:32:22 2015
elapsed time: 0 seconds

